<?xml version="1.0" encoding="UTF-8"?>
<!-- Generated by org.testng.reporters.JUnitXMLReporter -->
<testsuite ignored="0" hostname="hardAnkesh" failures="2" tests="7" name="Test" time="86.239" errors="0" timestamp="2025-05-12T23:29:03 IST">
  <testcase classname="com.medimention.testcases.Tc_001_Register_DDT" name="account_Register" time="8.677">
    <failure type="java.lang.AssertionError" message="expected [true] but found [false]">
      <![CDATA[java.lang.AssertionError: expected [true] but found [false]
at com.medimention.testcases.Tc_001_Register_DDT.account_Register(Tc_001_Register_DDT.java:35)
at java.base/java.util.ArrayList.forEach(ArrayList.java:1597)
... Removed 29 stack frames]]>
    </failure>
  </testcase> <!-- account_Register -->
  <testcase classname="com.medimention.testcases.Tc_001_Register_DDT" name="account_Register" time="8.837"/>
  <testcase classname="com.medimention.testcases.Tc_001_Register_DDT" name="account_Register" time="9.473"/>
  <testcase classname="com.medimention.testcases.Tc_001_Register_DDT" name="account_Register" time="8.758"/>
  <testcase classname="com.medimention.testcases.Tc_001_Registration" name="account_Register" time="5.039">
    <failure type="java.lang.AssertionError" message="expected [true] but found [false]">
      <![CDATA[java.lang.AssertionError: expected [true] but found [false]
at com.medimention.testcases.Tc_001_Registration.account_Register(Tc_001_Registration.java:42)
at java.base/java.util.ArrayList.forEach(ArrayList.java:1597)
... Removed 29 stack frames]]>
    </failure>
  </testcase> <!-- account_Register -->
  <testcase classname="com.medimention.testcases.Tc_002_getInTouch" name="enqiryDetails" time="0.306"/>
  <testcase classname="com.medimention.testcases.Tc_003_searchMedicine" name="mediMention" time="12.407"/>
</testsuite> <!-- Test -->
