<?xml version="1.0" encoding="UTF-8"?>
<!-- Generated by org.testng.reporters.JUnitXMLReporter -->
<testsuite ignored="0" hostname="hardAnkesh" failures="1" tests="11" name="Test"
	time="180.313" errors="0" timestamp="2025-05-10T09:16:18 IST">
	<testcase classname="com.medimention.testcases.Tc_001_Register_DDT"
		name="account_Register" time="23.251" />
	<testcase classname="com.medimention.testcases.Tc_001_Register_DDT"
		name="account_Register" time="18.024" />
	<testcase classname="com.medimention.testcases.Tc_001_Register_DDT"
		name="account_Register" time="17.612" />
	<testcase classname="com.medimention.testcases.Tc_001_Register_DDT"
		name="account_Register" time="13.397" />
	<testcase classname="com.medimention.testcases.Tc_001_Register_DDT"
		name="account_Register" time="12.187" />
	<testcase classname="com.medimention.testcases.Tc_001_Register_DDT"
		name="account_Register" time="12.201" />
	<testcase classname="com.medimention.testcases.Tc_001_Register_DDT"
		name="account_Register" time="10.398" />
	<testcase classname="com.medimention.testcases.Tc_001_Register_DDT"
		name="account_Register" time="9.168" />
	<testcase classname="com.medimention.testcases.Tc_001_Registration"
		name="account_Register" time="11.97">
		<failure type="java.lang.AssertionError"
			message="expected [true] but found [false]">
      <![CDATA[java.lang.AssertionError: expected [true] but found [false]
at com.medimention.testcases.Tc_001_Registration.account_Register(Tc_001_Registration.java:42)
at java.base/java.util.ArrayList.forEach(ArrayList.java:1597)
... Removed 29 stack frames]]>
    </failure>
	</testcase> <!--
	account_Register -->
	<testcase classname="com.medimention.testcases.Tc_002_getInTouch"
		name="enqiryDetails" time="0.557" />
	<testcase classname="com.medimention.testcases.Tc_003_searchMedicine"
		name="mediMention" time="11.02" />
</testsuite> <!-- Test -->
