<?xml version="1.0" encoding="UTF-8"?>
<!-- Generated by org.testng.reporters.JUnitXMLReporter -->
<testsuite ignored="0" hostname="hardAnkesh" failures="0" tests="8" name="Test" time="101.256" errors="0" timestamp="2025-05-10T20:55:25 IST">
  <testcase classname="com.medimention.testcases.Tc_001_Register_DDT" name="account_Register" time="12.599"/>
  <testcase classname="com.medimention.testcases.Tc_001_Register_DDT" name="account_Register" time="6.97"/>
  <testcase classname="com.medimention.testcases.Tc_001_Register_DDT" name="account_Register" time="7.038"/>
  <testcase classname="com.medimention.testcases.Tc_001_Register_DDT" name="account_Register" time="6.563"/>
  <testcase classname="com.medimention.testcases.Tc_001_Register_DDT" name="account_Register" time="6.037"/>
  <testcase classname="com.medimention.testcases.Tc_001_Registration" name="account_Register" time="12.333"/>
  <testcase classname="com.medimention.testcases.Tc_002_getInTouch" name="enqiryDetails" time="0.522"/>
  <testcase classname="com.medimention.testcases.Tc_003_searchMedicine" name="mediMention" time="18.144"/>
</testsuite> <!-- Test -->
