<?xml version="1.0" encoding="UTF-8"?>
<testng-results ignored="0" total="7" passed="5" failed="2" skipped="0">
  <reporter-output>
  </reporter-output>
  <suite started-at="2025-05-12T23:27:34 IST" name="Suite" finished-at="2025-05-12T23:29:00 IST" duration-ms="86239">
    <groups>
      <group name="Regression">
        <method signature="Tc_001_Registration.account_Register()[pri:0, instance:com.medimention.testcases.Tc_001_Registration@561b6512]" name="account_Register" class="com.medimention.testcases.Tc_001_Registration"/>
      </group> <!-- Regression -->
    </groups>
    <test started-at="2025-05-12T23:27:34 IST" name="Test" finished-at="2025-05-12T23:29:00 IST" duration-ms="86239">
      <class name="com.medimention.testcases.Tc_001_Register_DDT">
        <test-method is-config="true" signature="setUp(java.lang.String,java.lang.String)[pri:0, instance:com.medimention.testcases.Tc_001_Register_DDT@7ee8290b]" started-at="2025-05-12T23:27:34 IST" name="setUp" finished-at="2025-05-12T23:27:43 IST" duration-ms="8146" status="PASS">
          <params>
            <param index="0">
              <value>
                <![CDATA[windows]]>
              </value>
            </param>
            <param index="1">
              <value>
                <![CDATA[chrome]]>
              </value>
            </param>
          </params>
          <reporter-output>
          </reporter-output>
        </test-method> <!-- setUp -->
        <test-method signature="account_Register(java.lang.String,java.lang.String,java.lang.String,java.lang.String,java.lang.String)[pri:0, instance:com.medimention.testcases.Tc_001_Register_DDT@7ee8290b]" started-at="2025-05-12T23:27:43 IST" name="account_Register" data-provider="RegData" finished-at="2025-05-12T23:27:52 IST" duration-ms="8677" status="FAIL">
          <params>
            <param index="0">
              <value>
                <![CDATA[Nicky]]>
              </value>
            </param>
            <param index="1">
              <value>
                <![CDATA[nchishull0]]>
              </value>
            </param>
            <param index="2">
              <value>
                <![CDATA[ntripon0@soup.io]]>
              </value>
            </param>
            <param index="3">
              <value>
                <![CDATA[vJ5("?4`9HJ{]]>
              </value>
            </param>
            <param index="4">
              <value>
                <![CDATA[vJ5("?4`9HJ{]]>
              </value>
            </param>
          </params>
          <exception class="java.lang.AssertionError">
            <message>
              <![CDATA[expected [true] but found [false]]]>
            </message>
            <full-stacktrace>
              <![CDATA[java.lang.AssertionError: expected [true] but found [false]
at org.testng.Assert.fail(Assert.java:111)
at org.testng.Assert.failNotEquals(Assert.java:1590)
at org.testng.Assert.assertTrue(Assert.java:57)
at org.testng.Assert.assertTrue(Assert.java:67)
at com.medimention.testcases.Tc_001_Register_DDT.account_Register(Tc_001_Register_DDT.java:35)
at java.base/jdk.internal.reflect.DirectMethodHandleAccessor.invoke(DirectMethodHandleAccessor.java:103)
at java.base/java.lang.reflect.Method.invoke(Method.java:580)
at org.testng.internal.invokers.MethodInvocationHelper.invokeMethod(MethodInvocationHelper.java:141)
at org.testng.internal.invokers.TestInvoker.invokeMethod(TestInvoker.java:687)
at org.testng.internal.invokers.TestInvoker.invokeTestMethod(TestInvoker.java:230)
at org.testng.internal.invokers.MethodRunner.runInSequence(MethodRunner.java:63)
at org.testng.internal.invokers.TestInvoker$MethodInvocationAgent.invoke(TestInvoker.java:995)
at org.testng.internal.invokers.TestInvoker.invokeTestMethods(TestInvoker.java:203)
at org.testng.internal.invokers.TestMethodWorker.invokeTestMethods(TestMethodWorker.java:154)
at org.testng.internal.invokers.TestMethodWorker.run(TestMethodWorker.java:134)
at java.base/java.util.ArrayList.forEach(ArrayList.java:1597)
at org.testng.TestRunner.privateRun(TestRunner.java:741)
at org.testng.TestRunner.run(TestRunner.java:616)
at org.testng.SuiteRunner.runTest(SuiteRunner.java:421)
at org.testng.SuiteRunner.runSequentially(SuiteRunner.java:413)
at org.testng.SuiteRunner.privateRun(SuiteRunner.java:373)
at org.testng.SuiteRunner.run(SuiteRunner.java:312)
at org.testng.SuiteRunnerWorker.runSuite(SuiteRunnerWorker.java:52)
at org.testng.SuiteRunnerWorker.run(SuiteRunnerWorker.java:95)
at org.testng.TestNG.runSuitesSequentially(TestNG.java:1274)
at org.testng.TestNG.runSuitesLocally(TestNG.java:1208)
at org.testng.TestNG.runSuites(TestNG.java:1112)
at org.testng.TestNG.run(TestNG.java:1079)
at org.testng.remote.AbstractRemoteTestNG.run(AbstractRemoteTestNG.java:115)
at org.testng.remote.RemoteTestNG.initAndRun(RemoteTestNG.java:293)
at org.testng.remote.RemoteTestNG.main(RemoteTestNG.java:91)
]]>
            </full-stacktrace>
          </exception> <!-- java.lang.AssertionError -->
          <reporter-output>
          </reporter-output>
        </test-method> <!-- account_Register -->
        <test-method signature="account_Register(java.lang.String,java.lang.String,java.lang.String,java.lang.String,java.lang.String)[pri:0, instance:com.medimention.testcases.Tc_001_Register_DDT@7ee8290b]" started-at="2025-05-12T23:27:52 IST" name="account_Register" data-provider="RegData" finished-at="2025-05-12T23:28:01 IST" duration-ms="8837" status="PASS">
          <params>
            <param index="0">
              <value>
                <![CDATA[Maxie]]>
              </value>
            </param>
            <param index="1">
              <value>
                <![CDATA[mcouzens1]]>
              </value>
            </param>
            <param index="2">
              <value>
                <![CDATA[mhayhoe1@cornell.edu]]>
              </value>
            </param>
            <param index="3">
              <value>
                <![CDATA[aJ5!,LU<\MMZ]]>
              </value>
            </param>
            <param index="4">
              <value>
                <![CDATA[aJ5!,LU<\MMZ]]>
              </value>
            </param>
          </params>
          <reporter-output>
          </reporter-output>
        </test-method> <!-- account_Register -->
        <test-method signature="account_Register(java.lang.String,java.lang.String,java.lang.String,java.lang.String,java.lang.String)[pri:0, instance:com.medimention.testcases.Tc_001_Register_DDT@7ee8290b]" started-at="2025-05-12T23:28:01 IST" name="account_Register" data-provider="RegData" finished-at="2025-05-12T23:28:10 IST" duration-ms="9473" status="PASS">
          <params>
            <param index="0">
              <value>
                <![CDATA[Karylin]]>
              </value>
            </param>
            <param index="1">
              <value>
                <![CDATA[kgreve2]]>
              </value>
            </param>
            <param index="2">
              <value>
                <![CDATA[klemar2@ca.gov]]>
              </value>
            </param>
            <param index="3">
              <value>
                <![CDATA[iZ0@.rlS!iQI|S_]]>
              </value>
            </param>
            <param index="4">
              <value>
                <![CDATA[iZ0@.rlS!iQI|S_]]>
              </value>
            </param>
          </params>
          <reporter-output>
          </reporter-output>
        </test-method> <!-- account_Register -->
        <test-method signature="account_Register(java.lang.String,java.lang.String,java.lang.String,java.lang.String,java.lang.String)[pri:0, instance:com.medimention.testcases.Tc_001_Register_DDT@7ee8290b]" started-at="2025-05-12T23:28:10 IST" name="account_Register" data-provider="RegData" finished-at="2025-05-12T23:28:19 IST" duration-ms="8758" status="PASS">
          <params>
            <param index="0">
              <value>
                <![CDATA[Ian]]>
              </value>
            </param>
            <param index="1">
              <value>
                <![CDATA[itown3]]>
              </value>
            </param>
            <param index="2">
              <value>
                <![CDATA[ibariball3@goo.ne.jp]]>
              </value>
            </param>
            <param index="3">
              <value>
                <![CDATA[fW6$G)T'=]]>
              </value>
            </param>
            <param index="4">
              <value>
                <![CDATA[fW6$G)T'=]]>
              </value>
            </param>
          </params>
          <reporter-output>
          </reporter-output>
        </test-method> <!-- account_Register -->
        <test-method is-config="true" signature="tearDown()[pri:0, instance:com.medimention.testcases.Tc_001_Register_DDT@7ee8290b]" started-at="2025-05-12T23:28:19 IST" name="tearDown" finished-at="2025-05-12T23:28:19 IST" duration-ms="350" status="PASS">
          <reporter-output>
          </reporter-output>
        </test-method> <!-- tearDown -->
      </class> <!-- com.medimention.testcases.Tc_001_Register_DDT -->
      <class name="com.medimention.testcases.Tc_003_searchMedicine">
        <test-method is-config="true" signature="setUp(java.lang.String,java.lang.String)[pri:0, instance:com.medimention.testcases.Tc_003_searchMedicine@1757cd72]" started-at="2025-05-12T23:28:41 IST" name="setUp" finished-at="2025-05-12T23:28:48 IST" duration-ms="6975" status="PASS">
          <params>
            <param index="0">
              <value>
                <![CDATA[windows]]>
              </value>
            </param>
            <param index="1">
              <value>
                <![CDATA[chrome]]>
              </value>
            </param>
          </params>
          <reporter-output>
          </reporter-output>
        </test-method> <!-- setUp -->
        <test-method signature="mediMention()[pri:0, instance:com.medimention.testcases.Tc_003_searchMedicine@1757cd72]" started-at="2025-05-12T23:28:48 IST" name="mediMention" finished-at="2025-05-12T23:29:00 IST" duration-ms="12407" status="PASS">
          <reporter-output>
          </reporter-output>
        </test-method> <!-- mediMention -->
        <test-method is-config="true" signature="tearDown()[pri:0, instance:com.medimention.testcases.Tc_003_searchMedicine@1757cd72]" started-at="2025-05-12T23:29:00 IST" name="tearDown" finished-at="2025-05-12T23:29:00 IST" duration-ms="381" status="PASS">
          <reporter-output>
          </reporter-output>
        </test-method> <!-- tearDown -->
      </class> <!-- com.medimention.testcases.Tc_003_searchMedicine -->
      <class name="com.medimention.testcases.Tc_001_Registration">
        <test-method is-config="true" signature="setUp(java.lang.String,java.lang.String)[pri:0, instance:com.medimention.testcases.Tc_001_Registration@561b6512]" started-at="2025-05-12T23:28:19 IST" name="setUp" finished-at="2025-05-12T23:28:27 IST" duration-ms="7052" status="PASS">
          <params>
            <param index="0">
              <value>
                <![CDATA[windows]]>
              </value>
            </param>
            <param index="1">
              <value>
                <![CDATA[chrome]]>
              </value>
            </param>
          </params>
          <reporter-output>
          </reporter-output>
        </test-method> <!-- setUp -->
        <test-method signature="account_Register()[pri:0, instance:com.medimention.testcases.Tc_001_Registration@561b6512]" started-at="2025-05-12T23:28:27 IST" name="account_Register" finished-at="2025-05-12T23:28:32 IST" duration-ms="5039" status="FAIL">
          <exception class="java.lang.AssertionError">
            <message>
              <![CDATA[expected [true] but found [false]]]>
            </message>
            <full-stacktrace>
              <![CDATA[java.lang.AssertionError: expected [true] but found [false]
at org.testng.Assert.fail(Assert.java:111)
at org.testng.Assert.failNotEquals(Assert.java:1590)
at org.testng.Assert.assertTrue(Assert.java:57)
at org.testng.Assert.assertTrue(Assert.java:67)
at com.medimention.testcases.Tc_001_Registration.account_Register(Tc_001_Registration.java:42)
at java.base/jdk.internal.reflect.DirectMethodHandleAccessor.invoke(DirectMethodHandleAccessor.java:103)
at java.base/java.lang.reflect.Method.invoke(Method.java:580)
at org.testng.internal.invokers.MethodInvocationHelper.invokeMethod(MethodInvocationHelper.java:141)
at org.testng.internal.invokers.TestInvoker.invokeMethod(TestInvoker.java:687)
at org.testng.internal.invokers.TestInvoker.invokeTestMethod(TestInvoker.java:230)
at org.testng.internal.invokers.MethodRunner.runInSequence(MethodRunner.java:63)
at org.testng.internal.invokers.TestInvoker$MethodInvocationAgent.invoke(TestInvoker.java:995)
at org.testng.internal.invokers.TestInvoker.invokeTestMethods(TestInvoker.java:203)
at org.testng.internal.invokers.TestMethodWorker.invokeTestMethods(TestMethodWorker.java:154)
at org.testng.internal.invokers.TestMethodWorker.run(TestMethodWorker.java:134)
at java.base/java.util.ArrayList.forEach(ArrayList.java:1597)
at org.testng.TestRunner.privateRun(TestRunner.java:741)
at org.testng.TestRunner.run(TestRunner.java:616)
at org.testng.SuiteRunner.runTest(SuiteRunner.java:421)
at org.testng.SuiteRunner.runSequentially(SuiteRunner.java:413)
at org.testng.SuiteRunner.privateRun(SuiteRunner.java:373)
at org.testng.SuiteRunner.run(SuiteRunner.java:312)
at org.testng.SuiteRunnerWorker.runSuite(SuiteRunnerWorker.java:52)
at org.testng.SuiteRunnerWorker.run(SuiteRunnerWorker.java:95)
at org.testng.TestNG.runSuitesSequentially(TestNG.java:1274)
at org.testng.TestNG.runSuitesLocally(TestNG.java:1208)
at org.testng.TestNG.runSuites(TestNG.java:1112)
at org.testng.TestNG.run(TestNG.java:1079)
at org.testng.remote.AbstractRemoteTestNG.run(AbstractRemoteTestNG.java:115)
at org.testng.remote.RemoteTestNG.initAndRun(RemoteTestNG.java:293)
at org.testng.remote.RemoteTestNG.main(RemoteTestNG.java:91)
]]>
            </full-stacktrace>
          </exception> <!-- java.lang.AssertionError -->
          <reporter-output>
          </reporter-output>
        </test-method> <!-- account_Register -->
        <test-method is-config="true" signature="tearDown()[pri:0, instance:com.medimention.testcases.Tc_001_Registration@561b6512]" started-at="2025-05-12T23:28:32 IST" name="tearDown" finished-at="2025-05-12T23:28:32 IST" duration-ms="656" status="PASS">
          <reporter-output>
          </reporter-output>
        </test-method> <!-- tearDown -->
      </class> <!-- com.medimention.testcases.Tc_001_Registration -->
      <class name="com.medimention.testcases.Tc_002_getInTouch">
        <test-method is-config="true" signature="setUp(java.lang.String,java.lang.String)[pri:0, instance:com.medimention.testcases.Tc_002_getInTouch@2e377400]" started-at="2025-05-12T23:28:32 IST" name="setUp" finished-at="2025-05-12T23:28:40 IST" duration-ms="7918" status="PASS">
          <params>
            <param index="0">
              <value>
                <![CDATA[windows]]>
              </value>
            </param>
            <param index="1">
              <value>
                <![CDATA[chrome]]>
              </value>
            </param>
          </params>
          <reporter-output>
          </reporter-output>
        </test-method> <!-- setUp -->
        <test-method signature="enqiryDetails()[pri:0, instance:com.medimention.testcases.Tc_002_getInTouch@2e377400]" started-at="2025-05-12T23:28:40 IST" name="enqiryDetails" finished-at="2025-05-12T23:28:40 IST" duration-ms="306" status="PASS">
          <reporter-output>
          </reporter-output>
        </test-method> <!-- enqiryDetails -->
        <test-method is-config="true" signature="tearDown()[pri:0, instance:com.medimention.testcases.Tc_002_getInTouch@2e377400]" started-at="2025-05-12T23:28:40 IST" name="tearDown" finished-at="2025-05-12T23:28:41 IST" duration-ms="185" status="PASS">
          <reporter-output>
          </reporter-output>
        </test-method> <!-- tearDown -->
      </class> <!-- com.medimention.testcases.Tc_002_getInTouch -->
    </test> <!-- Test -->
  </suite> <!-- Suite -->
</testng-results>
